0 info it worked if it ends with ok
1 verbose cli [ '/usr/local/Cellar/node/0.10.26/bin/node',
1 verbose cli   '/usr/local/bin/npm',
1 verbose cli   'install',
1 verbose cli   'bodyParser' ]
2 info using npm@1.4.3
3 info using node@v0.10.26
4 verbose cache add [ 'bodyParser', null ]
5 verbose cache add name=undefined spec="bodyParser" args=["bodyParser",null]
6 verbose parsed url { protocol: null,
6 verbose parsed url   slashes: null,
6 verbose parsed url   auth: null,
6 verbose parsed url   host: null,
6 verbose parsed url   port: null,
6 verbose parsed url   hostname: null,
6 verbose parsed url   hash: null,
6 verbose parsed url   search: null,
6 verbose parsed url   query: null,
6 verbose parsed url   pathname: 'bodyParser',
6 verbose parsed url   path: 'bodyParser',
6 verbose parsed url   href: 'bodyParser' }
7 silly lockFile caa4c3c7-bodyParser bodyParser
8 verbose lock bodyParser /Users/xiatian/.npm/caa4c3c7-bodyParser.lock
9 silly lockFile caa4c3c7-bodyParser bodyParser
10 silly lockFile caa4c3c7-bodyParser bodyParser
11 verbose addNamed [ 'bodyParser', '' ]
12 verbose addNamed [ null, '*' ]
13 silly lockFile e0b6bd45-bodyParser bodyParser@
14 verbose lock bodyParser@ /Users/xiatian/.npm/e0b6bd45-bodyParser.lock
15 silly addNameRange { name: 'bodyParser', range: '*', hasData: false }
16 verbose url raw bodyParser
17 verbose url resolving [ 'https://registry.npmjs.org/', './bodyParser' ]
18 verbose url resolved https://registry.npmjs.org/bodyParser
19 info trying registry request attempt 1 at 23:40:36
20 http GET https://registry.npmjs.org/bodyParser
21 http 404 https://registry.npmjs.org/bodyParser
22 silly registry.get cb [ 404,
22 silly registry.get   { date: 'Thu, 07 Aug 2014 15:40:37 GMT',
22 silly registry.get     server: 'CouchDB/1.5.0 (Erlang OTP/R16B03)',
22 silly registry.get     'content-type': 'application/json',
22 silly registry.get     'cache-control': 'max-age=0',
22 silly registry.get     'content-length': '52',
22 silly registry.get     'accept-ranges': 'bytes',
22 silly registry.get     via: '1.1 varnish',
22 silly registry.get     age: '0',
22 silly registry.get     'x-served-by': 'cache-ty67-TYO',
22 silly registry.get     'x-cache': 'MISS',
22 silly registry.get     'x-cache-hits': '0',
22 silly registry.get     'x-timer': 'S1407426036.931763,VS0,VE787',
22 silly registry.get     'keep-alive': 'timeout=10, max=50',
22 silly registry.get     connection: 'Keep-Alive' } ]
23 silly lockFile e0b6bd45-bodyParser bodyParser@
24 silly lockFile e0b6bd45-bodyParser bodyParser@
25 error 404 'bodyParser' is not in the npm registry.
25 error 404 You should bug the author to publish it
25 error 404
25 error 404 Note that you can also install from a
25 error 404 tarball, folder, or http url, or git url.
26 error System Darwin 13.3.0
27 error command "/usr/local/Cellar/node/0.10.26/bin/node" "/usr/local/bin/npm" "install" "bodyParser"
28 error cwd /Users/xiatian/Web/nodejs/wx
29 error node -v v0.10.26
30 error npm -v 1.4.3
31 error code E404
32 verbose exit [ 1, true ]
